<?xml version="1.0" encoding="UTF-8"?>
<testng-results ignored="0" total="0" passed="0" failed="0" skipped="0">
  <reporter-output>
  </reporter-output>
  <suite started-at="2021-06-23T07:30:06 GMT+05:30" name="Default suite" finished-at="2021-06-23T07:30:06 GMT+05:30" duration-ms="336">
    <groups>
      <group name="cucumber">
        <method signature="AbstractTestNGCucumberTests.runScenario(io.cucumber.testng.PickleWrapper,io.cucumber.testng.FeatureWrapper)[pri:0, instance:TestNG.TestNGTestRunner$TestNG_TestRunner@750e2b97]" name="runScenario" class="io.cucumber.testng.AbstractTestNGCucumberTests"/>
      </group> <!-- cucumber -->
    </groups>
    <test started-at="2021-06-23T07:30:06 GMT+05:30" name="Default test" finished-at="2021-06-23T07:30:06 GMT+05:30" duration-ms="336">
      <class name="TestNG.TestNGTestRunner$TestNG_TestRunner">
        <test-method is-config="true" signature="setUpClass()[pri:0, instance:TestNG.TestNGTestRunner$TestNG_TestRunner@750e2b97]" started-at="2021-06-23T07:30:06 GMT+05:30" name="setUpClass" finished-at="2021-06-23T07:30:06 GMT+05:30" duration-ms="273" status="PASS">
          <reporter-output>
          </reporter-output>
        </test-method> <!-- setUpClass -->
        <test-method is-config="true" signature="tearDownClass()[pri:0, instance:TestNG.TestNGTestRunner$TestNG_TestRunner@750e2b97]" started-at="2021-06-23T07:30:06 GMT+05:30" name="tearDownClass" finished-at="2021-06-23T07:30:06 GMT+05:30" duration-ms="13" status="PASS">
          <reporter-output>
          </reporter-output>
        </test-method> <!-- tearDownClass -->
      </class> <!-- TestNG.TestNGTestRunner$TestNG_TestRunner -->
    </test> <!-- Default test -->
  </suite> <!-- Default suite -->
</testng-results>
